Flutter crash report.
Please report a bug at https://github.com/flutter/flutter/issues.

## command

flutter run

## exception

FileSystemException: FileSystemException: Exists failed, path = 'C:\Users\Eddie\Desktop\apps\test\student_app\design3.png
- images' (OS Error: The filename, directory name, or volume label syntax is incorrect.
, errno = 123)

```
#0      _Directory.existsSync (dart:io/directory_impl.dart:92:7)
#1      ForwardingFileSystemEntity.existsSync (package:file/src/forwarding/forwarding_file_system_entity.dart:43:33)
#2      ErrorHandlingDirectory.existsSync.<anonymous closure> (package:flutter_tools/src/base/error_handling_io.dart:492:22)
#3      _runSync (package:flutter_tools/src/base/error_handling_io.dart:590:14)
#4      ErrorHandlingDirectory.existsSync (package:flutter_tools/src/base/error_handling_io.dart:491:12)
#5      _AssetDirectoryCache.variantsFor (package:flutter_tools/src/asset.dart:1100:43)
#6      ManifestAssetBundle._parseAssetFromFile (package:flutter_tools/src/asset.dart:933:37)
#7      ManifestAssetBundle._parseAssets (package:flutter_tools/src/asset.dart:810:9)
#8      ManifestAssetBundle.build (package:flutter_tools/src/asset.dart:261:54)
<asynchronous suspension>
#9      ResidentWebRunner._updateDevFS (package:flutter_tools/src/isolated/resident_web_runner.dart:503:26)
<asynchronous suspension>
#10     ResidentWebRunner.run.<anonymous closure> (package:flutter_tools/src/isolated/resident_web_runner.dart:308:41)
<asynchronous suspension>
#11     asyncGuard.<anonymous closure> (package:flutter_tools/src/base/async_guard.dart:111:24)
<asynchronous suspension>
```

## flutter doctor

```
[32m[✓][39m Flutter (Channel master, 3.14.0-9.0.pre.111, on Microsoft Windows [Version 10.0.19045.3324], locale en-US)
    [32m•[39m Flutter version 3.14.0-9.0.pre.111 on channel master at C:\src\flutter
    [32m•[39m Upstream repository https://github.com/flutter/flutter.git
    [32m•[39m Framework revision dbf87fc8c6 (11 hours ago), 2023-08-26 19:02:32 -0400
    [32m•[39m Engine revision 683d7dc389
    [32m•[39m Dart version 3.2.0 (build 3.2.0-97.0.dev)
    [32m•[39m DevTools version 2.26.2

[32m[✓][39m Windows Version (Installed version of Windows is version 10 or higher)

[32m[✓][39m Android toolchain - develop for Android devices (Android SDK version 32.1.0-rc1)
    [32m•[39m Android SDK at C:\Users\Eddie\AppData\Local\Android\Sdk
    [32m•[39m Platform android-33, build-tools 32.1.0-rc1
    [32m•[39m Java binary at: C:\Program Files\Android\Android Studio\jre\bin\java
    [32m•[39m Java version OpenJDK Runtime Environment (build 11.0.12+7-b1504.28-7817840)
    [32m•[39m All Android licenses accepted.

[32m[✓][39m Chrome - develop for the web
    [32m•[39m Chrome at C:\Program Files\Google\Chrome\Application\chrome.exe

[32m[✓][39m Visual Studio - develop Windows apps (Visual Studio Community 2022 17.2.5)
    [32m•[39m Visual Studio at C:\Program Files\Microsoft Visual Studio\2022\Community
    [32m•[39m Visual Studio Community 2022 version 17.2.32616.157
    [32m•[39m Windows 10 SDK version 10.0.19041.0

[32m[✓][39m Android Studio (version 2021.2)
    [32m•[39m Android Studio at C:\Program Files\Android\Android Studio
    [32m•[39m Flutter plugin can be installed from:
      🔨 https://plugins.jetbrains.com/plugin/9212-flutter
    [32m•[39m Dart plugin can be installed from:
      🔨 https://plugins.jetbrains.com/plugin/6351-dart
    [32m•[39m Java version OpenJDK Runtime Environment (build 11.0.12+7-b1504.28-7817840)

[32m[✓][39m VS Code (version 1.81.1)
    [32m•[39m VS Code at C:\Users\Eddie\AppData\Local\Programs\Microsoft VS Code
    [32m•[39m Flutter extension version 3.70.0

[32m[✓][39m Connected device (3 available)
    [32m•[39m Windows (desktop) • windows • windows-x64    • Microsoft Windows [Version 10.0.19045.3324]
    [32m•[39m Chrome (web)      • chrome  • web-javascript • Google Chrome 116.0.5845.111
    [32m•[39m Edge (web)        • edge    • web-javascript • Microsoft Edge 116.0.1938.54

[32m[✓][39m Network resources
    [32m•[39m All expected network resources are available.

[32m•[39m No issues found!
```
